3
4Making Deployment: /Users/deltutto/My_Collider/atlasapp/GameSceneGL.mkb
3Running: /Applications/Marmalade.app/Contents/s3e/bin/s3e_deploy /Users/deltutto/My_Collider/atlasapp/build_gamescenegl_scons_x86_android/deploy_config.py -n --targetdir ../deployments/GameSceneGL.4.gcc_x86_android --os android --arch gcc_x86_android --gcc --release-loader
3
2Marmalade Deployment Tool v1.3
2Copyright (C) 2001-2012 Marmalade
2calling /Applications/Marmalade.app/Contents/s3e/bin/iwlicense--platcheck=android
2deploying collider [1.0.5] [gcc_x86_android-release] for 'android' to folder: '../deployments/GameSceneGL.4.gcc_x86_android/intermediate_files'
2--> copying files ...
2No splashscreens found
2--> performing custom deployment steps for: 'android'
2Including Android extension: s3eAmazonAds
2Including Android extension: s3eWebView
2Including Android extension: s3eFacebook
2Including Android extension: s3eAmazonInAppPurchasing
2Including Android extension: s3eAndroidGooglePlayBilling
2Including Android extension: s3eSamsungInAppPurchasing
2[execute] s3e_plink
5WARNING: Expanding smaller image (/Users/deltutto/My_Collider/atlasapp/data/icon48.png) to (96x96)
5WARNING: Expanding smaller image (/Users/deltutto/My_Collider/atlasapp/data/icon48.png) to (144x144)
5WARNING: Expanding smaller image (/Users/deltutto/My_Collider/atlasapp/data/icon48.png) to (192x192)
5WARNING: Expanding smaller image (/Users/deltutto/My_Collider/atlasapp/data/icon48.png) to (170x170)
2Adding external jar: /Applications/Marmalade.app/Contents/platform_libs/android/amazon-ads-android-sdk/third_party/lib/amazon-ads-5.5.149.jar
5WARNING: Android version code not set. Generating from version numbers 1.0.5 -> 1000005. It is advised to set these explicitly, starting at 1 and incrementing for each store release.
2Adding external jar: /Applications/Marmalade.app/Contents/extensions/s3eAmazonAds/lib/android/s3eAmazonAds.jar
2Adding external jar: /Applications/Marmalade.app/Contents/platform_libs/android/android-support-v4/android-support-v4.jar
2Adding external jar: /Applications/Marmalade.app/Contents/extensions/s3eWebView/lib/android/s3eWebView.jar
2Adding external jar: /Applications/Marmalade.app/Contents/platform_libs/android/bolts-android/bolts-android-1.1.2.jar
2Adding external jar: /Applications/Marmalade.app/Contents/platform_libs/android/marmalade-facebook-android-sdk/lib/android/marmalade-facebook-android-sdk-3.23.1.jar
2Adding external jar: /Applications/Marmalade.app/Contents/extensions/s3eFacebook/lib/android/s3eFacebook.jar
2Adding external jar: /Applications/Marmalade.app/Contents/platform_libs/android/amazon-in-app-purchasing-android-sdk/third_party/lib/in-app-purchasing-2.0.61.jar
2Adding external jar: /Applications/Marmalade.app/Contents/extensions/s3eAmazonInAppPurchasing/lib/android/s3eAmazonInAppPurchasing.jar
2Adding external jar: /Applications/Marmalade.app/Contents/extensions/s3eAndroidGooglePlayBilling/lib/android/s3eAndroidGooglePlayBilling.jar
2Adding external jar: /Applications/Marmalade.app/Contents/extensions/s3eSamsungInAppPurchasing/lib/android/s3eSamsungInAppPurchasing.jar
2Adding external jar: /Applications/Marmalade.app/Contents/extensions/s3eSamsungInAppPurchasing/lib/android/iap2.0_lib.jar
2Using custom manifest file: /Users/deltutto/My_Collider/atlasapp/AndroidManifest.xml
2Adding extra string facebook_app_id to 1159270594165661
2Highest minimum version found in extensions is 9
2Highest target version found in extensions is 17
2Setting minimum SDK version to 9
2Setting target SDK version to 17
2Android SDK has been overriden by ANDROID_ROOT setting
2[execute] aapt
5WARNING: Marmalade works best with JDK version 7. Your version is 1.8.0_111.
2[execute] javac
2[execute] dx
2[execute] keytool
2[execute] jarsigner
2[execute] zipalign
8SUCCESS (WITH WARNINGS): Package written to '/Users/deltutto/My_Collider/atlasapp/deployments/GameSceneGL.4.gcc_x86_android' [took 26.46s]
2Script Succeeded
2Finished Running: Making Deployment
2
2
