3
4Building: /Users/deltutto/My_Collider/atlasapp/GameSceneGL.mkb
3Running: /Applications/Marmalade.app/Contents/s3e/bin/mkb /Users/deltutto/My_Collider/atlasapp/GameSceneGL.mkb --buildenv=SCONS --release --x86 --android-x86 --no-ide --make --hub-data /Users/deltutto/My_Collider/atlasapp/project_GameSceneGL/mkb-build.txt
3
2S3E_DIR = /Applications/Marmalade.app/Contents/s3e
2Building project: /Users/deltutto/My_Collider/atlasapp/GameSceneGL.mkb
2MARMALADE_HOME: /Users/deltutto/Marmalade
5/Applications/Marmalade.app/Contents/modules/iwbilling/iwbilling.mkf(62) : msg: Warning: Fortumo not included in IwBilling
2/Users/deltutto/My_Collider/atlasapp/AppEasyCoreSDK/AppEasy.mkf(12) : msg: macro TARGET_PLATFORM is not documented: (first reference here)
2/Users/deltutto/My_Collider/atlasapp/AppEasyCoreSDK/AppEasy.mkf(16) : msg: macro CZ_FACEBOOK_ENABLE is not documented: (first reference here)
5warning: One or more macros were not documented
2msg: A total of 1 problems with the documentation were found
2Executing: '/Applications/Marmalade.app/Contents/s3e/bin/scons -Q compiler=i686-linux-android-gcc'
2Compiling [i686-linux-android-g++] /Users/deltutto/My_Collider/atlasapp/AppEasyCoreSDK/Libs/SoundEngine/source/IwResHandlerWAV.cpp
2Compiling [i686-linux-android-g++] /Users/deltutto/My_Collider/atlasapp/AppEasyCoreSDK/Libs/SoundEngine/source/IwSoundADPCM.cpp
2Compiling [i686-linux-android-g++] /Users/deltutto/My_Collider/atlasapp/AppEasyCoreSDK/Libs/SoundEngine/source/IwSoundData.cpp
2Compiling [i686-linux-android-g++] /Users/deltutto/My_Collider/atlasapp/AppEasyCoreSDK/Libs/SoundEngine/source/IwSoundGroup.cpp
2Compiling [i686-linux-android-g++] /Users/deltutto/My_Collider/atlasapp/AppEasyCoreSDK/Libs/SoundEngine/source/IwSoundInst.cpp
2Compiling [i686-linux-android-g++] /Users/deltutto/My_Collider/atlasapp/AppEasyCoreSDK/Libs/SoundEngine/source/IwSoundManager.cpp
2Compiling [i686-linux-android-g++] /Users/deltutto/My_Collider/atlasapp/AppEasyCoreSDK/Libs/SoundEngine/source/IwSoundPCM.cpp
2Compiling [i686-linux-android-g++] /Users/deltutto/My_Collider/atlasapp/AppEasyCoreSDK/Libs/SoundEngine/source/IwSoundParams.cpp
2Compiling [i686-linux-android-g++] /Users/deltutto/My_Collider/atlasapp/AppEasyCoreSDK/Libs/SoundEngine/source/IwSoundSpec.cpp
2Compiling [i686-linux-android-g++] /Users/deltutto/My_Collider/atlasapp/AppEasyCoreSDK/Libs/SoundEngine/source/IwSoundWAV.cpp
2Compiling [i686-linux-android-g++] /Users/deltutto/My_Collider/atlasapp/AppEasyCoreSDK/Libs/box2d/Box2D/Collision/Shapes/b2CircleShape.cpp
2Compiling [i686-linux-android-g++] /Users/deltutto/My_Collider/atlasapp/AppEasyCoreSDK/Libs/box2d/Box2D/Collision/Shapes/b2EdgeShape.cpp
2Compiling [i686-linux-android-g++] /Users/deltutto/My_Collider/atlasapp/AppEasyCoreSDK/Libs/box2d/Box2D/Collision/Shapes/b2LoopShape.cpp
2Compiling [i686-linux-android-g++] /Users/deltutto/My_Collider/atlasapp/AppEasyCoreSDK/Libs/box2d/Box2D/Collision/Shapes/b2PolygonShape.cpp
2Compiling [i686-linux-android-g++] /Users/deltutto/My_Collider/atlasapp/AppEasyCoreSDK/Libs/box2d/Box2D/Collision/b2BroadPhase.cpp
2Compiling [i686-linux-android-g++] /Users/deltutto/My_Collider/atlasapp/AppEasyCoreSDK/Libs/box2d/Box2D/Collision/b2CollideCircle.cpp
2Compiling [i686-linux-android-g++] /Users/deltutto/My_Collider/atlasapp/AppEasyCoreSDK/Libs/box2d/Box2D/Collision/b2CollideEdge.cpp
2Compiling [i686-linux-android-g++] /Users/deltutto/My_Collider/atlasapp/AppEasyCoreSDK/Libs/box2d/Box2D/Collision/b2CollidePolygon.cpp
2Compiling [i686-linux-android-g++] /Users/deltutto/My_Collider/atlasapp/AppEasyCoreSDK/Libs/box2d/Box2D/Collision/b2Collision.cpp
2Compiling [i686-linux-android-g++] /Users/deltutto/My_Collider/atlasapp/AppEasyCoreSDK/Libs/box2d/Box2D/Collision/b2Distance.cpp
2Compiling [i686-linux-android-g++] /Users/deltutto/My_Collider/atlasapp/AppEasyCoreSDK/Libs/box2d/Box2D/Collision/b2DynamicTree.cpp
2Compiling [i686-linux-android-g++] /Users/deltutto/My_Collider/atlasapp/AppEasyCoreSDK/Libs/box2d/Box2D/Collision/b2TimeOfImpact.cpp
2Compiling [i686-linux-android-g++] /Users/deltutto/My_Collider/atlasapp/AppEasyCoreSDK/Libs/box2d/Box2D/Common/b2BlockAllocator.cpp
2Compiling [i686-linux-android-g++] /Users/deltutto/My_Collider/atlasapp/AppEasyCoreSDK/Libs/box2d/Box2D/Common/b2Draw.cpp
2Compiling [i686-linux-android-g++] /Users/deltutto/My_Collider/atlasapp/AppEasyCoreSDK/Libs/box2d/Box2D/Common/b2Math.cpp
2Compiling [i686-linux-android-g++] /Users/deltutto/My_Collider/atlasapp/AppEasyCoreSDK/Libs/box2d/Box2D/Common/b2Settings.cpp
2Compiling [i686-linux-android-g++] /Users/deltutto/My_Collider/atlasapp/AppEasyCoreSDK/Libs/box2d/Box2D/Common/b2StackAllocator.cpp
5/Users/deltutto/My_Collider/atlasapp/AppEasyCoreSDK/Libs/box2d/Box2D/Collision/b2Distance.cpp: In function 'void b2Distance(b2DistanceOutput*, b2SimplexCache*, const b2DistanceInput*)':
5/Users/deltutto/My_Collider/atlasapp/AppEasyCoreSDK/Libs/box2d/Box2D/Collision/b2Distance.cpp:550:35: warning: 'saveB[2]' may be used uninitialized in this function [-Wmaybe-uninitialized]
5if (vertex->indexA == saveA[i] && vertex->indexB == saveB[i])
5^
2Compiling [i686-linux-android-g++] /Users/deltutto/My_Collider/atlasapp/AppEasyCoreSDK/Libs/box2d/Box2D/Common/b2Timer.cpp
2Compiling [i686-linux-android-g++] /Users/deltutto/My_Collider/atlasapp/AppEasyCoreSDK/Libs/box2d/Box2D/Dynamics/Contacts/b2CircleContact.cpp
2Compiling [i686-linux-android-g++] /Users/deltutto/My_Collider/atlasapp/AppEasyCoreSDK/Libs/box2d/Box2D/Dynamics/Contacts/b2Contact.cpp
2Compiling [i686-linux-android-g++] /Users/deltutto/My_Collider/atlasapp/AppEasyCoreSDK/Libs/box2d/Box2D/Dynamics/Contacts/b2ContactSolver.cpp
2Compiling [i686-linux-android-g++] /Users/deltutto/My_Collider/atlasapp/AppEasyCoreSDK/Libs/box2d/Box2D/Dynamics/Contacts/b2EdgeAndCircleContact.cpp
2Compiling [i686-linux-android-g++] /Users/deltutto/My_Collider/atlasapp/AppEasyCoreSDK/Libs/box2d/Box2D/Dynamics/Contacts/b2EdgeAndPolygonContact.cpp
2Compiling [i686-linux-android-g++] /Users/deltutto/My_Collider/atlasapp/AppEasyCoreSDK/Libs/box2d/Box2D/Dynamics/Contacts/b2LoopAndCircleContact.cpp
2Compiling [i686-linux-android-g++] /Users/deltutto/My_Collider/atlasapp/AppEasyCoreSDK/Libs/box2d/Box2D/Dynamics/Contacts/b2LoopAndPolygonContact.cpp
2Compiling [i686-linux-android-g++] /Users/deltutto/My_Collider/atlasapp/AppEasyCoreSDK/Libs/box2d/Box2D/Dynamics/Contacts/b2PolygonAndCircleContact.cpp
2Compiling [i686-linux-android-g++] /Users/deltutto/My_Collider/atlasapp/AppEasyCoreSDK/Libs/box2d/Box2D/Dynamics/Contacts/b2PolygonContact.cpp
2Compiling [i686-linux-android-g++] /Users/deltutto/My_Collider/atlasapp/AppEasyCoreSDK/Libs/box2d/Box2D/Dynamics/Joints/b2DistanceJoint.cpp
2Compiling [i686-linux-android-g++] /Users/deltutto/My_Collider/atlasapp/AppEasyCoreSDK/Libs/box2d/Box2D/Dynamics/Joints/b2FrictionJoint.cpp
5/Users/deltutto/My_Collider/atlasapp/AppEasyCoreSDK/Libs/box2d/Box2D/Dynamics/Contacts/b2ContactSolver.cpp: In member function 'void b2ContactSolver::InitializeVelocityConstraints()':
5/Users/deltutto/My_Collider/atlasapp/AppEasyCoreSDK/Libs/box2d/Box2D/Dynamics/Contacts/b2ContactSolver.cpp:186:36: warning: array subscript is above array bounds [-Warray-bounds]
5vcp->rA = worldManifold.points[j] - cA;
5^
5/Users/deltutto/My_Collider/atlasapp/AppEasyCoreSDK/Libs/box2d/Box2D/Dynamics/Contacts/b2ContactSolver.cpp:186:36: warning: array subscript is above array bounds [-Warray-bounds]
5/Users/deltutto/My_Collider/atlasapp/AppEasyCoreSDK/Libs/box2d/Box2D/Dynamics/Contacts/b2ContactSolver.cpp:187:36: warning: array subscript is above array bounds [-Warray-bounds]
5vcp->rB = worldManifold.points[j] - cB;
5^
5/Users/deltutto/My_Collider/atlasapp/AppEasyCoreSDK/Libs/box2d/Box2D/Dynamics/Contacts/b2ContactSolver.cpp:187:36: warning: array subscript is above array bounds [-Warray-bounds]
2Compiling [i686-linux-android-g++] /Users/deltutto/My_Collider/atlasapp/AppEasyCoreSDK/Libs/box2d/Box2D/Dynamics/Joints/b2GearJoint.cpp
2Compiling [i686-linux-android-g++] /Users/deltutto/My_Collider/atlasapp/AppEasyCoreSDK/Libs/box2d/Box2D/Dynamics/Joints/b2Joint.cpp
2Compiling [i686-linux-android-g++] /Users/deltutto/My_Collider/atlasapp/AppEasyCoreSDK/Libs/box2d/Box2D/Dynamics/Joints/b2MouseJoint.cpp
2Compiling [i686-linux-android-g++] /Users/deltutto/My_Collider/atlasapp/AppEasyCoreSDK/Libs/box2d/Box2D/Dynamics/Joints/b2PrismaticJoint.cpp
2Compiling [i686-linux-android-g++] /Users/deltutto/My_Collider/atlasapp/AppEasyCoreSDK/Libs/box2d/Box2D/Dynamics/Joints/b2PulleyJoint.cpp
2Compiling [i686-linux-android-g++] /Users/deltutto/My_Collider/atlasapp/AppEasyCoreSDK/Libs/box2d/Box2D/Dynamics/Joints/b2RevoluteJoint.cpp
2Compiling [i686-linux-android-g++] /Users/deltutto/My_Collider/atlasapp/AppEasyCoreSDK/Libs/box2d/Box2D/Dynamics/Joints/b2RopeJoint.cpp
2Compiling [i686-linux-android-g++] /Users/deltutto/My_Collider/atlasapp/AppEasyCoreSDK/Libs/box2d/Box2D/Dynamics/Joints/b2WeldJoint.cpp
2Compiling [i686-linux-android-g++] /Users/deltutto/My_Collider/atlasapp/AppEasyCoreSDK/Libs/box2d/Box2D/Dynamics/Joints/b2WheelJoint.cpp
2Compiling [i686-linux-android-g++] /Users/deltutto/My_Collider/atlasapp/AppEasyCoreSDK/Libs/box2d/Box2D/Dynamics/b2Body.cpp
2Compiling [i686-linux-android-g++] /Users/deltutto/My_Collider/atlasapp/AppEasyCoreSDK/Libs/box2d/Box2D/Dynamics/b2ContactManager.cpp
2Compiling [i686-linux-android-g++] /Users/deltutto/My_Collider/atlasapp/AppEasyCoreSDK/Libs/box2d/Box2D/Dynamics/b2Fixture.cpp
2Compiling [i686-linux-android-g++] /Users/deltutto/My_Collider/atlasapp/AppEasyCoreSDK/Libs/box2d/Box2D/Dynamics/b2Island.cpp
2Compiling [i686-linux-android-g++] /Users/deltutto/My_Collider/atlasapp/AppEasyCoreSDK/Libs/box2d/Box2D/Dynamics/b2World.cpp
2Compiling [i686-linux-android-g++] /Users/deltutto/My_Collider/atlasapp/AppEasyCoreSDK/Libs/box2d/Box2D/Dynamics/b2WorldCallbacks.cpp
2Compiling [i686-linux-android-g++] /Users/deltutto/My_Collider/atlasapp/AppEasyCoreSDK/Libs/box2d/Box2D/Rope/b2Rope.cpp
2Compiling [i686-linux-android-gcc] /Users/deltutto/My_Collider/atlasapp/AppEasyCoreSDK/Libs/lua-vec/src/lapi.c
2Compiling [i686-linux-android-gcc] /Users/deltutto/My_Collider/atlasapp/AppEasyCoreSDK/Libs/lua-vec/src/lauxlib.c
2Compiling [i686-linux-android-gcc] /Users/deltutto/My_Collider/atlasapp/AppEasyCoreSDK/Libs/lua-vec/src/lbaselib.c
2Compiling [i686-linux-android-gcc] /Users/deltutto/My_Collider/atlasapp/AppEasyCoreSDK/Libs/lua-vec/src/lcode.c
2Compiling [i686-linux-android-gcc] /Users/deltutto/My_Collider/atlasapp/AppEasyCoreSDK/Libs/lua-vec/src/ldblib.c
2Compiling [i686-linux-android-gcc] /Users/deltutto/My_Collider/atlasapp/AppEasyCoreSDK/Libs/lua-vec/src/ldebug.c
2Compiling [i686-linux-android-gcc] /Users/deltutto/My_Collider/atlasapp/AppEasyCoreSDK/Libs/lua-vec/src/ldo.c
2Compiling [i686-linux-android-gcc] /Users/deltutto/My_Collider/atlasapp/AppEasyCoreSDK/Libs/lua-vec/src/ldump.c
2Compiling [i686-linux-android-gcc] /Users/deltutto/My_Collider/atlasapp/AppEasyCoreSDK/Libs/lua-vec/src/lfunc.c
2Compiling [i686-linux-android-gcc] /Users/deltutto/My_Collider/atlasapp/AppEasyCoreSDK/Libs/lua-vec/src/lgc.c
2Compiling [i686-linux-android-gcc] /Users/deltutto/My_Collider/atlasapp/AppEasyCoreSDK/Libs/lua-vec/src/lgcveclib.c
2Compiling [i686-linux-android-gcc] /Users/deltutto/My_Collider/atlasapp/AppEasyCoreSDK/Libs/lua-vec/src/linit.c
2Compiling [i686-linux-android-gcc] /Users/deltutto/My_Collider/atlasapp/AppEasyCoreSDK/Libs/lua-vec/src/liolib.c
2Compiling [i686-linux-android-gcc] /Users/deltutto/My_Collider/atlasapp/AppEasyCoreSDK/Libs/lua-vec/src/llex.c
2Compiling [i686-linux-android-gcc] /Users/deltutto/My_Collider/atlasapp/AppEasyCoreSDK/Libs/lua-vec/src/lmathlib.c
2Compiling [i686-linux-android-gcc] /Users/deltutto/My_Collider/atlasapp/AppEasyCoreSDK/Libs/lua-vec/src/lmem.c
2Compiling [i686-linux-android-gcc] /Users/deltutto/My_Collider/atlasapp/AppEasyCoreSDK/Libs/lua-vec/src/loadlib.c
2Compiling [i686-linux-android-gcc] /Users/deltutto/My_Collider/atlasapp/AppEasyCoreSDK/Libs/lua-vec/src/lobject.c
2Compiling [i686-linux-android-gcc] /Users/deltutto/My_Collider/atlasapp/AppEasyCoreSDK/Libs/lua-vec/src/lopcodes.c
2Compiling [i686-linux-android-gcc] /Users/deltutto/My_Collider/atlasapp/AppEasyCoreSDK/Libs/lua-vec/src/loslib.c
2Compiling [i686-linux-android-gcc] /Users/deltutto/My_Collider/atlasapp/AppEasyCoreSDK/Libs/lua-vec/src/lparser.c
2Compiling [i686-linux-android-gcc] /Users/deltutto/My_Collider/atlasapp/AppEasyCoreSDK/Libs/lua-vec/src/lstate.c
2Compiling [i686-linux-android-gcc] /Users/deltutto/My_Collider/atlasapp/AppEasyCoreSDK/Libs/lua-vec/src/lstring.c
2Compiling [i686-linux-android-gcc] /Users/deltutto/My_Collider/atlasapp/AppEasyCoreSDK/Libs/lua-vec/src/lstrlib.c
2Compiling [i686-linux-android-gcc] /Users/deltutto/My_Collider/atlasapp/AppEasyCoreSDK/Libs/lua-vec/src/ltable.c
2Compiling [i686-linux-android-gcc] /Users/deltutto/My_Collider/atlasapp/AppEasyCoreSDK/Libs/lua-vec/src/ltablib.c
2Compiling [i686-linux-android-gcc] /Users/deltutto/My_Collider/atlasapp/AppEasyCoreSDK/Libs/lua-vec/src/ltm.c
2Compiling [i686-linux-android-gcc] /Users/deltutto/My_Collider/atlasapp/AppEasyCoreSDK/Libs/lua-vec/src/lundump.c
2Compiling [i686-linux-android-gcc] /Users/deltutto/My_Collider/atlasapp/AppEasyCoreSDK/Libs/lua-vec/src/lveclib.c
2Compiling [i686-linux-android-gcc] /Users/deltutto/My_Collider/atlasapp/AppEasyCoreSDK/Libs/lua-vec/src/lvm.c
2Compiling [i686-linux-android-gcc] /Users/deltutto/My_Collider/atlasapp/AppEasyCoreSDK/Libs/lua-vec/src/lzio.c
2Compiling [i686-linux-android-gcc] /Users/deltutto/My_Collider/atlasapp/AppEasyCoreSDK/Libs/lua-vec/src/print.c
2Compiling [i686-linux-android-gcc] /Users/deltutto/My_Collider/atlasapp/AppEasyCoreSDK/Libs/lsqlite3/src/lsqlite3.c
5/Users/deltutto/My_Collider/atlasapp/AppEasyCoreSDK/Libs/lsqlite3/src/lsqlite3.c: In function 'vm_push_column':
5/Users/deltutto/My_Collider/atlasapp/AppEasyCoreSDK/Libs/lsqlite3/src/lsqlite3.c:101:21: warning: pointer targets in passing argument 2 of 'lua_pushlstring' differ in signedness [-Wpointer-sign]
5lua_pushlstring(L, sqlite3_column_text(vm, idx), sqlite3_column_bytes(vm, idx));
5^
5In file included from /Users/deltutto/My_Collider/atlasapp/AppEasyCoreSDK/Libs/lsqlite3/src/lsqlite3.c:33:0:
5/Users/deltutto/My_Collider/atlasapp/AppEasyCoreSDK/Libs/lua-vec/src/lua.h:167:16: note: expected 'const char *' but argument is of type 'const unsigned char *'
5LUA_API void  (lua_pushlstring) (lua_State *L, const char *s, size_t l);
5^
5/Users/deltutto/My_Collider/atlasapp/AppEasyCoreSDK/Libs/lsqlite3/src/lsqlite3.c:108:13: warning: pointer targets in passing argument 2 of 'lua_pushlstring' differ in signedness [-Wpointer-sign]
5lua_pushlstring(L, sqlite3_column_text(vm, idx), sqlite3_column_bytes(vm, idx));
5^
5In file included from /Users/deltutto/My_Collider/atlasapp/AppEasyCoreSDK/Libs/lsqlite3/src/lsqlite3.c:33:0:
5/Users/deltutto/My_Collider/atlasapp/AppEasyCoreSDK/Libs/lua-vec/src/lua.h:167:16: note: expected 'const char *' but argument is of type 'const unsigned char *'
5LUA_API void  (lua_pushlstring) (lua_State *L, const char *s, size_t l);
5^
5/Users/deltutto/My_Collider/atlasapp/AppEasyCoreSDK/Libs/lsqlite3/src/lsqlite3.c: In function 'db_push_value':
5/Users/deltutto/My_Collider/atlasapp/AppEasyCoreSDK/Libs/lsqlite3/src/lsqlite3.c:871:13: warning: pointer targets in passing argument 2 of 'lua_pushlstring' differ in signedness [-Wpointer-sign]
5lua_pushlstring(L, sqlite3_value_text(value), sqlite3_value_bytes(value));
5^
5In file included from /Users/deltutto/My_Collider/atlasapp/AppEasyCoreSDK/Libs/lsqlite3/src/lsqlite3.c:33:0:
5/Users/deltutto/My_Collider/atlasapp/AppEasyCoreSDK/Libs/lua-vec/src/lua.h:167:16: note: expected 'const char *' but argument is of type 'const unsigned char *'
5LUA_API void  (lua_pushlstring) (lua_State *L, const char *s, size_t l);
5^
5/Users/deltutto/My_Collider/atlasapp/AppEasyCoreSDK/Libs/lsqlite3/src/lsqlite3.c:881:21: warning: pointer targets in passing argument 2 of 'lua_pushlstring' differ in signedness [-Wpointer-sign]
5lua_pushlstring(L, sqlite3_value_text(value), sqlite3_value_bytes(value));
5^
5In file included from /Users/deltutto/My_Collider/atlasapp/AppEasyCoreSDK/Libs/lsqlite3/src/lsqlite3.c:33:0:
5/Users/deltutto/My_Collider/atlasapp/AppEasyCoreSDK/Libs/lua-vec/src/lua.h:167:16: note: expected 'const char *' but argument is of type 'const unsigned char *'
5LUA_API void  (lua_pushlstring) (lua_State *L, const char *s, size_t l);
5^
2Compiling [i686-linux-android-g++] /Applications/Marmalade.app/Contents/extensions/PVRTexTool/interface/PVRTexTool_interface.cpp
2Compiling [i686-linux-android-g++] /Applications/Marmalade.app/Contents/extensions/s3eAmazonAds/interface/s3eAmazonAds_interface.cpp
2Compiling [i686-linux-android-g++] /Applications/Marmalade.app/Contents/extensions/s3eAmazonInAppPurchasing/interface/s3eAmazonInAppPurchasing_interface.cpp
2Compiling [i686-linux-android-g++] /Applications/Marmalade.app/Contents/extensions/s3eAndroidGooglePlayBilling/interface/s3eAndroidGooglePlayBilling_interface.cpp
2Compiling [i686-linux-android-g++] /Applications/Marmalade.app/Contents/extensions/s3eFacebook/interface/s3eFacebook_interface.cpp
2Compiling [i686-linux-android-g++] /Applications/Marmalade.app/Contents/extensions/s3eIOSAppStoreBilling/interface/s3eIOSAppStoreBilling_interface.cpp
2Compiling [i686-linux-android-g++] /Applications/Marmalade.app/Contents/extensions/s3eSamsungInAppPurchasing/interface/s3eSamsungInAppPurchasing_interface.cpp
2Compiling [i686-linux-android-g++] /Applications/Marmalade.app/Contents/extensions/s3eWebView/interface/s3eWebView_interface.cpp
2Compiling [i686-linux-android-g++] /Applications/Marmalade.app/Contents/extensions/s3eWindowsStoreBilling/interface/s3eWindowsStoreBilling_interface.cpp
2Compiling [i686-linux-android-g++] /Users/deltutto/My_Collider/atlasapp/source/ABoxFromXML.cpp
2Compiling [i686-linux-android-g++] /Users/deltutto/My_Collider/atlasapp/source/ACylinderFromXML.cpp
2Compiling [i686-linux-android-g++] /Users/deltutto/My_Collider/atlasapp/source/Animation.cpp
2Compiling [i686-linux-android-g++] /Users/deltutto/My_Collider/atlasapp/source/CaloTowers.cpp
2Compiling [i686-linux-android-g++] /Users/deltutto/My_Collider/atlasapp/source/ClassificationGame.cpp
2Compiling [i686-linux-android-g++] /Users/deltutto/My_Collider/atlasapp/source/ColourStore.cpp
2Compiling [i686-linux-android-g++] /Users/deltutto/My_Collider/atlasapp/source/EndcapFromXML.cpp
2Compiling [i686-linux-android-g++] /Users/deltutto/My_Collider/atlasapp/source/EventFromXML.cpp
2Compiling [i686-linux-android-g++] /Users/deltutto/My_Collider/atlasapp/source/EventManager.cpp
2Compiling [i686-linux-android-g++] /Users/deltutto/My_Collider/atlasapp/source/FileUtils.cpp
5In file included from /Users/deltutto/My_Collider/atlasapp/source/EventFromXML.h:12:0,
5from /Users/deltutto/My_Collider/atlasapp/source/IwGxScene.h:17,
5from /Users/deltutto/My_Collider/atlasapp/source/ABoxFromXML.h:9,
5from /Users/deltutto/My_Collider/atlasapp/source/ABoxFromXML.cpp:2:
5/Users/deltutto/My_Collider/atlasapp/source/Tracks.h: In member function 'void Tracks::setVertices()':
5/Users/deltutto/My_Collider/atlasapp/source/Tracks.h:147:36: warning: comparison between signed and unsigned integer expressions [-Wsign-compare]
5for (unsigned int iVert=0;iVert < numPoly.at(iTrack);iVert++){
5^
5/Users/deltutto/My_Collider/atlasapp/source/Tracks.h: In member function 'void Tracks::Clear()':
5/Users/deltutto/My_Collider/atlasapp/source/Tracks.h:218:28: warning: comparison between signed and unsigned integer expressions [-Wsign-compare]
5for (int iTrack=0;iTrack < verts_2.size();iTrack++) verts_2.at(iTrack).clear();
5^
5In file included from /Users/deltutto/My_Collider/atlasapp/source/EventFromXML.h:12:0,
5from /Users/deltutto/My_Collider/atlasapp/source/IwGxScene.h:17,
5from /Users/deltutto/My_Collider/atlasapp/source/ACylinderFromXML.h:10,
5from /Users/deltutto/My_Collider/atlasapp/source/ACylinderFromXML.cpp:2:
5/Users/deltutto/My_Collider/atlasapp/source/Tracks.h: In member function 'void Tracks::setVertices()':
5/Users/deltutto/My_Collider/atlasapp/source/Tracks.h:147:36: warning: comparison between signed and unsigned integer expressions [-Wsign-compare]
5for (unsigned int iVert=0;iVert < numPoly.at(iTrack);iVert++){
5^
5/Users/deltutto/My_Collider/atlasapp/source/Tracks.h: In member function 'void Tracks::Clear()':
5/Users/deltutto/My_Collider/atlasapp/source/Tracks.h:218:28: warning: comparison between signed and unsigned integer expressions [-Wsign-compare]
5for (int iTrack=0;iTrack < verts_2.size();iTrack++) verts_2.at(iTrack).clear();
5^
5In file included from /Users/deltutto/My_Collider/atlasapp/source/EventFromXML.h:12:0,
5from /Users/deltutto/My_Collider/atlasapp/source/IwGxScene.h:17,
5from /Users/deltutto/My_Collider/atlasapp/source/ClassificationGame.h:1,
5from /Users/deltutto/My_Collider/atlasapp/source/ClassificationGame.cpp:1:
5/Users/deltutto/My_Collider/atlasapp/source/Tracks.h: In member function 'void Tracks::setVertices()':
5/Users/deltutto/My_Collider/atlasapp/source/Tracks.h:147:36: warning: comparison between signed and unsigned integer expressions [-Wsign-compare]
5for (unsigned int iVert=0;iVert < numPoly.at(iTrack);iVert++){
5^
5/Users/deltutto/My_Collider/atlasapp/source/Tracks.h: In member function 'void Tracks::Clear()':
5/Users/deltutto/My_Collider/atlasapp/source/Tracks.h:218:28: warning: comparison between signed and unsigned integer expressions [-Wsign-compare]
5for (int iTrack=0;iTrack < verts_2.size();iTrack++) verts_2.at(iTrack).clear();
5^
5In file included from /Users/deltutto/My_Collider/atlasapp/source/EventFromXML.h:12:0,
5from /Users/deltutto/My_Collider/atlasapp/source/IwGxScene.h:17,
5from /Users/deltutto/My_Collider/atlasapp/source/Animation.h:1,
5from /Users/deltutto/My_Collider/atlasapp/source/Animation.cpp:1:
5/Users/deltutto/My_Collider/atlasapp/source/Tracks.h: In member function 'void Tracks::setVertices()':
5/Users/deltutto/My_Collider/atlasapp/source/Tracks.h:147:36: warning: comparison between signed and unsigned integer expressions [-Wsign-compare]
5for (unsigned int iVert=0;iVert < numPoly.at(iTrack);iVert++){
5^
5/Users/deltutto/My_Collider/atlasapp/source/Tracks.h: In member function 'void Tracks::Clear()':
5/Users/deltutto/My_Collider/atlasapp/source/Tracks.h:218:28: warning: comparison between signed and unsigned integer expressions [-Wsign-compare]
5for (int iTrack=0;iTrack < verts_2.size();iTrack++) verts_2.at(iTrack).clear();
5^
5In file included from /Users/deltutto/My_Collider/atlasapp/source/EventFromXML.h:12:0,
5from /Users/deltutto/My_Collider/atlasapp/source/IwGxScene.h:17,
5from /Users/deltutto/My_Collider/atlasapp/source/EndcapFromXML.h:9,
5from /Users/deltutto/My_Collider/atlasapp/source/EndcapFromXML.cpp:2:
5/Users/deltutto/My_Collider/atlasapp/source/Tracks.h: In member function 'void Tracks::setVertices()':
5/Users/deltutto/My_Collider/atlasapp/source/Tracks.h:147:36: warning: comparison between signed and unsigned integer expressions [-Wsign-compare]
5for (unsigned int iVert=0;iVert < numPoly.at(iTrack);iVert++){
5^
5/Users/deltutto/My_Collider/atlasapp/source/Tracks.h: In member function 'void Tracks::Clear()':
5/Users/deltutto/My_Collider/atlasapp/source/Tracks.h:218:28: warning: comparison between signed and unsigned integer expressions [-Wsign-compare]
5for (int iTrack=0;iTrack < verts_2.size();iTrack++) verts_2.at(iTrack).clear();
5^
5In file included from /Users/deltutto/My_Collider/atlasapp/source/EventFromXML.h:12:0,
5from /Users/deltutto/My_Collider/atlasapp/source/IwGxScene.h:17,
5from /Users/deltutto/My_Collider/atlasapp/source/EventFromXML.h:11,
5from /Users/deltutto/My_Collider/atlasapp/source/EventFromXML.cpp:10:
5/Users/deltutto/My_Collider/atlasapp/source/Tracks.h: In member function 'void Tracks::setVertices()':
5/Users/deltutto/My_Collider/atlasapp/source/Tracks.h:147:36: warning: comparison between signed and unsigned integer expressions [-Wsign-compare]
5for (unsigned int iVert=0;iVert < numPoly.at(iTrack);iVert++){
5^
5/Users/deltutto/My_Collider/atlasapp/source/Tracks.h: In member function 'void Tracks::Clear()':
5/Users/deltutto/My_Collider/atlasapp/source/Tracks.h:218:28: warning: comparison between signed and unsigned integer expressions [-Wsign-compare]
5for (int iTrack=0;iTrack < verts_2.size();iTrack++) verts_2.at(iTrack).clear();
5^
5/Users/deltutto/My_Collider/atlasapp/source/Animation.cpp: In member function 'void Animation::ResetAnimationPath(int)':
5/Users/deltutto/My_Collider/atlasapp/source/Animation.cpp:80:24: warning: comparison between signed and unsigned integer expressions [-Wsign-compare]
5for (int iStep=0;iStep<path->size();iStep++) path->at(iStep).currentStep = 0;
5^
5/Users/deltutto/My_Collider/atlasapp/source/Animation.cpp: In member function 'void Animation::UpdateOrthoPosition(CIwFVec3*, float&, int)':
5/Users/deltutto/My_Collider/atlasapp/source/Animation.cpp:528:16: warning: comparison between signed and unsigned integer expressions [-Wsign-compare]
5if (pathStep == path->size()-1) return;
5^
5/Users/deltutto/My_Collider/atlasapp/source/ClassificationGame.cpp: In member function 'virtual int ClassificationGame::LoadFromXoml(IzXomlResource*, bool, CzXmlNode*)':
5/Users/deltutto/My_Collider/atlasapp/source/ClassificationGame.cpp:132:27: warning: comparison between signed and unsigned integer expressions [-Wsign-compare]
5for(int i=0; i<choices.size(); ++i) {
5^
5In file included from /Users/deltutto/My_Collider/atlasapp/source/EventFromXML.h:12:0,
5from /Users/deltutto/My_Collider/atlasapp/source/IwGxScene.h:17,
5from /Users/deltutto/My_Collider/atlasapp/source/EventManager.cpp:11:
5/Users/deltutto/My_Collider/atlasapp/source/Tracks.h: In member function 'void Tracks::setVertices()':
5/Users/deltutto/My_Collider/atlasapp/source/Tracks.h:147:36: warning: comparison between signed and unsigned integer expressions [-Wsign-compare]
5for (unsigned int iVert=0;iVert < numPoly.at(iTrack);iVert++){
5^
5/Users/deltutto/My_Collider/atlasapp/source/Tracks.h: In member function 'void Tracks::Clear()':
5/Users/deltutto/My_Collider/atlasapp/source/Tracks.h:218:28: warning: comparison between signed and unsigned integer expressions [-Wsign-compare]
5for (int iTrack=0;iTrack < verts_2.size();iTrack++) verts_2.at(iTrack).clear();
5^
5/Users/deltutto/My_Collider/atlasapp/source/EventManager.cpp: In member function '_STL::vector<int> EventManager::getTypeInts()':
5/Users/deltutto/My_Collider/atlasapp/source/EventManager.cpp:122:19: warning: comparison between signed and unsigned integer expressions [-Wsign-compare]
5for(int i=0; i<types.size(); ++i) {
5^
5/Users/deltutto/My_Collider/atlasapp/source/EventManager.cpp:125:23: warning: comparison between signed and unsigned integer expressions [-Wsign-compare]
5for(int j=0; j<uniqueTypes.size(); ++j) {
5^
5/Users/deltutto/My_Collider/atlasapp/source/EventManager.cpp: In member function 'void EventManager::nextEvent()':
5/Users/deltutto/My_Collider/atlasapp/source/EventManager.cpp:187:21: warning: comparison between signed and unsigned integer expressions [-Wsign-compare]
5if(currentEvent == urls.size() - 1)
5^
5/Users/deltutto/My_Collider/atlasapp/source/EventManager.cpp: In member function 'void EventManager::setEvent(int)':
5/Users/deltutto/My_Collider/atlasapp/source/EventManager.cpp:201:19: warning: comparison between signed and unsigned integer expressions [-Wsign-compare]
5if(i > 0 && i < urls.size())
5^
5/Users/deltutto/My_Collider/atlasapp/source/FileUtils.cpp: In function '_STL::string FileUtils::generateSaveString(SaveFile*)':
5/Users/deltutto/My_Collider/atlasapp/source/FileUtils.cpp:31:19: warning: comparison between signed and unsigned integer expressions [-Wsign-compare]
5for(int i=0; i<saveFile->getSavedGames().size(); ++i) {
5^
5/Users/deltutto/My_Collider/atlasapp/source/FileUtils.cpp: In member function 'void SaveFile::insertGameState(GameState)':
5/Users/deltutto/My_Collider/atlasapp/source/FileUtils.cpp:160:19: warning: comparison between signed and unsigned integer expressions [-Wsign-compare]
5for(int i=0; i<savedGames.size(); ++i) {
5^
2Compiling [i686-linux-android-g++] /Users/deltutto/My_Collider/atlasapp/source/GAMarmalade.cpp
2Compiling [i686-linux-android-g++] /Users/deltutto/My_Collider/atlasapp/source/GLArrow.cpp
2Compiling [i686-linux-android-g++] /Users/deltutto/My_Collider/atlasapp/source/GLCone.cpp
2Compiling [i686-linux-android-g++] /Users/deltutto/My_Collider/atlasapp/source/GLCube.cpp
5/Users/deltutto/My_Collider/atlasapp/source/GLCone.cpp: In member function 'void GLCone::Init(float, float, float, float, int, int, float)':
5/Users/deltutto/My_Collider/atlasapp/source/GLCone.cpp:110:28: warning: comparison between signed and unsigned integer expressions [-Wsign-compare]
5for(unsigned int i=0; i<nBasePoints-1; ++i) {
5^
5/Users/deltutto/My_Collider/atlasapp/source/GLCone.cpp:119:28: warning: comparison between signed and unsigned integer expressions [-Wsign-compare]
5for(unsigned int i=0; i<nBasePoints-1; ++i) {
5^
5/Users/deltutto/My_Collider/atlasapp/source/GLCone.cpp:146:28: warning: comparison between signed and unsigned integer expressions [-Wsign-compare]
5for(unsigned int i=0; i<nBasePoints; ++i) {
5^
5/Users/deltutto/My_Collider/atlasapp/source/GLCone.cpp:153:28: warning: comparison between signed and unsigned integer expressions [-Wsign-compare]
5for(unsigned int i=0; i<nBasePoints; ++i) {
5^
5/Users/deltutto/My_Collider/atlasapp/source/GLCone.cpp:160:28: warning: comparison between signed and unsigned integer expressions [-Wsign-compare]
5for(unsigned int i=0; i<nBasePoints; ++i) {
5^
5/Users/deltutto/My_Collider/atlasapp/source/GLCone.cpp:179:28: warning: comparison between signed and unsigned integer expressions [-Wsign-compare]
5for (int iVert=0;iVert < verts->size();iVert++){
5^
2Compiling [i686-linux-android-g++] /Users/deltutto/My_Collider/atlasapp/source/GLCylinder.cpp
2Compiling [i686-linux-android-g++] /Users/deltutto/My_Collider/atlasapp/source/GLDonut.cpp
2Compiling [i686-linux-android-g++] /Users/deltutto/My_Collider/atlasapp/source/GLEndcap.cpp
2Compiling [i686-linux-android-g++] /Users/deltutto/My_Collider/atlasapp/source/GLMesh.cpp
2Compiling [i686-linux-android-g++] /Users/deltutto/My_Collider/atlasapp/source/Game.cpp
2Compiling [i686-linux-android-g++] /Users/deltutto/My_Collider/atlasapp/source/GameLogicScene.cpp
2Compiling [i686-linux-android-g++] /Users/deltutto/My_Collider/atlasapp/source/IwGxScene.cpp
2Compiling [i686-linux-android-g++] /Users/deltutto/My_Collider/atlasapp/source/LandingScreen.cpp
2Compiling [i686-linux-android-g++] /Users/deltutto/My_Collider/atlasapp/source/LiveScene.cpp
2Compiling [i686-linux-android-g++] /Users/deltutto/My_Collider/atlasapp/source/Main.cpp
2Compiling [i686-linux-android-g++] /Users/deltutto/My_Collider/atlasapp/source/MeshGroup.cpp
2Compiling [i686-linux-android-g++] /Users/deltutto/My_Collider/atlasapp/source/Tracks.cpp
5In file included from /Users/deltutto/My_Collider/atlasapp/source/EventFromXML.h:12:0,
5from /Users/deltutto/My_Collider/atlasapp/source/IwGxScene.h:17,
5from /Users/deltutto/My_Collider/atlasapp/source/Game.cpp:9:
5/Users/deltutto/My_Collider/atlasapp/source/Tracks.h: In member function 'void Tracks::setVertices()':
5/Users/deltutto/My_Collider/atlasapp/source/Tracks.h:147:36: warning: comparison between signed and unsigned integer expressions [-Wsign-compare]
5for (unsigned int iVert=0;iVert < numPoly.at(iTrack);iVert++){
5^
5/Users/deltutto/My_Collider/atlasapp/source/Tracks.h: In member function 'void Tracks::Clear()':
5/Users/deltutto/My_Collider/atlasapp/source/Tracks.h:218:28: warning: comparison between signed and unsigned integer expressions [-Wsign-compare]
5for (int iTrack=0;iTrack < verts_2.size();iTrack++) verts_2.at(iTrack).clear();
5^
5/Users/deltutto/My_Collider/atlasapp/source/LandingScreen.cpp: In member function 'virtual int LandingScreen::Init(int, int, bool)':
5/Users/deltutto/My_Collider/atlasapp/source/LandingScreen.cpp:26:1: warning: no return statement in function returning non-void [-Wreturn-type]
5}
5^
5/Users/deltutto/My_Collider/atlasapp/source/LandingScreen.cpp: In member function 'void LandingScreen::UpdateSelectionScreen()':
5/Users/deltutto/My_Collider/atlasapp/source/LandingScreen.cpp:73:22: warning: comparison between signed and unsigned integer expressions [-Wsign-compare]
5if(currentGameId != CzString::CalculateHash(gameId_var->getValue().c_str())) {
5^
5In file included from /Users/deltutto/My_Collider/atlasapp/source/EventFromXML.h:12:0,
5from /Users/deltutto/My_Collider/atlasapp/source/IwGxScene.h:17,
5from /Users/deltutto/My_Collider/atlasapp/source/IwGxScene.cpp:1:
5/Users/deltutto/My_Collider/atlasapp/source/Tracks.h: In member function 'void Tracks::setVertices()':
5/Users/deltutto/My_Collider/atlasapp/source/Tracks.h:147:36: warning: comparison between signed and unsigned integer expressions [-Wsign-compare]
5for (unsigned int iVert=0;iVert < numPoly.at(iTrack);iVert++){
5^
5/Users/deltutto/My_Collider/atlasapp/source/Tracks.h: In member function 'void Tracks::Clear()':
5/Users/deltutto/My_Collider/atlasapp/source/Tracks.h:218:28: warning: comparison between signed and unsigned integer expressions [-Wsign-compare]
5for (int iTrack=0;iTrack < verts_2.size();iTrack++) verts_2.at(iTrack).clear();
5^
5In file included from /Users/deltutto/My_Collider/atlasapp/source/EventFromXML.h:12:0,
5from /Users/deltutto/My_Collider/atlasapp/source/IwGxScene.h:17,
5from /Users/deltutto/My_Collider/atlasapp/source/GameLogicScene.cpp:13:
5/Users/deltutto/My_Collider/atlasapp/source/Tracks.h: In member function 'void Tracks::setVertices()':
5/Users/deltutto/My_Collider/atlasapp/source/Tracks.h:147:36: warning: comparison between signed and unsigned integer expressions [-Wsign-compare]
5for (unsigned int iVert=0;iVert < numPoly.at(iTrack);iVert++){
5^
5/Users/deltutto/My_Collider/atlasapp/source/Tracks.h: In member function 'void Tracks::Clear()':
5/Users/deltutto/My_Collider/atlasapp/source/Tracks.h:218:28: warning: comparison between signed and unsigned integer expressions [-Wsign-compare]
5for (int iTrack=0;iTrack < verts_2.size();iTrack++) verts_2.at(iTrack).clear();
5^
2Compiling [i686-linux-android-g++] /Users/deltutto/My_Collider/atlasapp/source/WebBrowser.cpp
5In file included from /Users/deltutto/My_Collider/atlasapp/source/Tracks.cpp:1:0:
5/Users/deltutto/My_Collider/atlasapp/source/Tracks.h: In member function 'void Tracks::setVertices()':
5/Users/deltutto/My_Collider/atlasapp/source/Tracks.h:147:36: warning: comparison between signed and unsigned integer expressions [-Wsign-compare]
5for (unsigned int iVert=0;iVert < numPoly.at(iTrack);iVert++){
5^
5/Users/deltutto/My_Collider/atlasapp/source/Tracks.h: In member function 'void Tracks::Clear()':
5/Users/deltutto/My_Collider/atlasapp/source/Tracks.h:218:28: warning: comparison between signed and unsigned integer expressions [-Wsign-compare]
5for (int iTrack=0;iTrack < verts_2.size();iTrack++) verts_2.at(iTrack).clear();
5^
5In file included from /Users/deltutto/My_Collider/atlasapp/source/GameLogicScene.cpp:17:0:
5/Users/deltutto/My_Collider/atlasapp/source/TMath.h: In function 'int getTrackIndex(_STL::vector<float>, _STL::vector<float>, _STL::vector<float>, float, float, float)':
5/Users/deltutto/My_Collider/atlasapp/source/TMath.h:28:22: warning: comparison between signed and unsigned integer expressions [-Wsign-compare]
5for (int i = 0; i<trk_pt.size(); ++i) {
5^
5/Users/deltutto/My_Collider/atlasapp/source/GameLogicScene.cpp: In member function 'virtual int GameLogicScene::Init(int, int, bool)':
5/Users/deltutto/My_Collider/atlasapp/source/GameLogicScene.cpp:44:1: warning: no return statement in function returning non-void [-Wreturn-type]
5}
5^
5/Users/deltutto/My_Collider/atlasapp/source/GameLogicScene.cpp: In member function 'void GameLogicScene::CheckTutorialSelection()':
5/Users/deltutto/My_Collider/atlasapp/source/GameLogicScene.cpp:118:61: warning: comparison between signed and unsigned integer expressions [-Wsign-compare]
5if(CzString::CalculateHash(selected->getText().str()) == eventManager->getEventTypeHash()) {
5^
5/Users/deltutto/My_Collider/atlasapp/source/GameLogicScene.cpp: In member function 'void GameLogicScene::CheckMassSelection()':
5/Users/deltutto/My_Collider/atlasapp/source/GameLogicScene.cpp:138:59: warning: comparison between signed and unsigned integer expressions [-Wsign-compare]
5if(CzString::CalculateHash(selected->getText().str()) == eventManager->getEventTypeHash()) {
5^
5/Users/deltutto/My_Collider/atlasapp/source/GameLogicScene.cpp:151:21: warning: comparison between signed and unsigned integer expressions [-Wsign-compare]
5for(int i=0; i<curEv->muonTracks->pt.size(); ++i) {
5^
5/Users/deltutto/My_Collider/atlasapp/source/GameLogicScene.cpp:155:21: warning: comparison between signed and unsigned integer expressions [-Wsign-compare]
5for(int i=0; i<curEv->el_pt.size(); ++i) {
5^
5/Users/deltutto/My_Collider/atlasapp/source/IwGxScene.cpp: In member function 'void IwGxScene::TakeScreenshot()':
5/Users/deltutto/My_Collider/atlasapp/source/IwGxScene.cpp:499:34: warning: comparison between signed and unsigned integer expressions [-Wsign-compare]
5for (unsigned int iByte=0;iByte < size*4;iByte++) byte_buffer.push_back(0);
5^
5/Users/deltutto/My_Collider/atlasapp/source/IwGxScene.cpp: In member function 'void IwGxScene::UpdateFacebookButton()':
5/Users/deltutto/My_Collider/atlasapp/source/IwGxScene.cpp:593:16: warning: deprecated conversion from string constant to 'char*' [-Wwrite-strings]
5char * msg = "Something about Physics.";
5^
5/Users/deltutto/My_Collider/atlasapp/source/IwGxScene.cpp:594:20: warning: deprecated conversion from string constant to 'char*' [-Wwrite-strings]
5char * linkUri = "http://www2.physics.ox.ac.uk/about-us/outreach/public/lhsee";
5^
5/Users/deltutto/My_Collider/atlasapp/source/IwGxScene.cpp:595:19: warning: deprecated conversion from string constant to 'char*' [-Wwrite-strings]
5char * imgUri = "http://www-pnp.physics.ox.ac.uk/~boddy/files/appicon96.png";
5^
5/Users/deltutto/My_Collider/atlasapp/source/IwGxScene.cpp:596:19: warning: deprecated conversion from string constant to 'char*' [-Wwrite-strings]
5char * msgTitle="TestTitle";
5^
5/Users/deltutto/My_Collider/atlasapp/source/IwGxScene.cpp:597:17: warning: deprecated conversion from string constant to 'char*' [-Wwrite-strings]
5char * desc = "TestDescription";
5^
5/Users/deltutto/My_Collider/atlasapp/source/IwGxScene.cpp:598:17: warning: deprecated conversion from string constant to 'char*' [-Wwrite-strings]
5char * name = "TestName";
5^
5/Users/deltutto/My_Collider/atlasapp/source/GameLogicScene.cpp: In member function 'void GameLogicScene::UpdateTutorialChoices()':
5/Users/deltutto/My_Collider/atlasapp/source/GameLogicScene.cpp:393:61: warning: comparison between signed and unsigned integer expressions [-Wsign-compare]
5int nchoices = (eventManager->getCurrentEventIndex()+1) > eventManager->getTypes().size() ? eventManager->getTypes().size() : (eventManager->getCurrentEventIndex()+1);
5^
2Compiling [i686-linux-android-g++] /Users/deltutto/My_Collider/atlasapp/AppEasyCoreSDK/source/Actions/CzActionsActor.cpp
5In file included from /Users/deltutto/My_Collider/atlasapp/source/EventFromXML.h:12:0,
5from /Users/deltutto/My_Collider/atlasapp/source/IwGxScene.h:17,
5from /Users/deltutto/My_Collider/atlasapp/source/LiveScene.cpp:10:
5/Users/deltutto/My_Collider/atlasapp/source/Tracks.h: In member function 'void Tracks::setVertices()':
5/Users/deltutto/My_Collider/atlasapp/source/Tracks.h:147:36: warning: comparison between signed and unsigned integer expressions [-Wsign-compare]
5for (unsigned int iVert=0;iVert < numPoly.at(iTrack);iVert++){
5^
5/Users/deltutto/My_Collider/atlasapp/source/Tracks.h: In member function 'void Tracks::Clear()':
5/Users/deltutto/My_Collider/atlasapp/source/Tracks.h:218:28: warning: comparison between signed and unsigned integer expressions [-Wsign-compare]
5for (int iTrack=0;iTrack < verts_2.size();iTrack++) verts_2.at(iTrack).clear();
5^
2Compiling [i686-linux-android-g++] /Users/deltutto/My_Collider/atlasapp/AppEasyCoreSDK/source/Actions/CzActionsAnimation.cpp
5/Users/deltutto/My_Collider/atlasapp/source/WebBrowser.cpp: In member function 'virtual int WebBrowser::Init(int, int, bool)':
5/Users/deltutto/My_Collider/atlasapp/source/WebBrowser.cpp:46:1: warning: no return statement in function returning non-void [-Wreturn-type]
5}
5^
2Compiling [i686-linux-android-g++] /Users/deltutto/My_Collider/atlasapp/AppEasyCoreSDK/source/Actions/CzActionsComms.cpp
2Compiling [i686-linux-android-g++] /Users/deltutto/My_Collider/atlasapp/AppEasyCoreSDK/source/Actions/CzActionsMarket.cpp
2Compiling [i686-linux-android-g++] /Users/deltutto/My_Collider/atlasapp/AppEasyCoreSDK/source/Actions/CzActionsMedia.cpp
2Compiling [i686-linux-android-g++] /Users/deltutto/My_Collider/atlasapp/AppEasyCoreSDK/source/Actions/CzActionsProgram.cpp
2Compiling [i686-linux-android-g++] /Users/deltutto/My_Collider/atlasapp/AppEasyCoreSDK/source/Actions/CzActionsResource.cpp
2Compiling [i686-linux-android-g++] /Users/deltutto/My_Collider/atlasapp/AppEasyCoreSDK/source/Actions/CzActionsScene.cpp
2Compiling [i686-linux-android-g++] /Users/deltutto/My_Collider/atlasapp/AppEasyCoreSDK/source/Actions/CzActionsScript.cpp
2Compiling [i686-linux-android-g++] /Users/deltutto/My_Collider/atlasapp/AppEasyCoreSDK/source/Actions/CzActionsShared.cpp
2Compiling [i686-linux-android-g++] /Users/deltutto/My_Collider/atlasapp/AppEasyCoreSDK/source/Actions/CzActionsSys.cpp
2Compiling [i686-linux-android-g++] /Users/deltutto/My_Collider/atlasapp/AppEasyCoreSDK/source/Actions/CzActionsTimer.cpp
2Compiling [i686-linux-android-g++] /Users/deltutto/My_Collider/atlasapp/AppEasyCoreSDK/source/Actions/CzActionsVariables.cpp
2Compiling [i686-linux-android-g++] /Users/deltutto/My_Collider/atlasapp/AppEasyCoreSDK/source/Actors/CzActor.cpp
2Compiling [i686-linux-android-g++] /Users/deltutto/My_Collider/atlasapp/AppEasyCoreSDK/source/Actors/CzActorConnector.cpp
2Compiling [i686-linux-android-g++] /Users/deltutto/My_Collider/atlasapp/AppEasyCoreSDK/source/Actors/CzActorImage.cpp
2Compiling [i686-linux-android-g++] /Users/deltutto/My_Collider/atlasapp/AppEasyCoreSDK/source/Actors/CzActorParticles.cpp
2Compiling [i686-linux-android-g++] /Users/deltutto/My_Collider/atlasapp/AppEasyCoreSDK/source/Actors/CzActorText.cpp
2Compiling [i686-linux-android-g++] /Users/deltutto/My_Collider/atlasapp/AppEasyCoreSDK/source/Actors/CzActorTilemap.cpp
2Compiling [i686-linux-android-g++] /Users/deltutto/My_Collider/atlasapp/AppEasyCoreSDK/source/Actors/UI/CzUIBase.cpp
2Compiling [i686-linux-android-g++] /Users/deltutto/My_Collider/atlasapp/AppEasyCoreSDK/source/Actors/UI/CzUIBigImage.cpp
2Compiling [i686-linux-android-g++] /Users/deltutto/My_Collider/atlasapp/AppEasyCoreSDK/source/Actors/UI/CzUICanvas.cpp
2Compiling [i686-linux-android-g++] /Users/deltutto/My_Collider/atlasapp/AppEasyCoreSDK/source/Actors/UI/CzUIGrid.cpp
2Compiling [i686-linux-android-g++] /Users/deltutto/My_Collider/atlasapp/AppEasyCoreSDK/source/Actors/UI/CzUIIcon.cpp
2Compiling [i686-linux-android-g++] /Users/deltutto/My_Collider/atlasapp/AppEasyCoreSDK/source/Actors/UI/CzUIImageView.cpp
2Compiling [i686-linux-android-g++] /Users/deltutto/My_Collider/atlasapp/AppEasyCoreSDK/source/Actors/UI/CzUILabel.cpp
2Compiling [i686-linux-android-g++] /Users/deltutto/My_Collider/atlasapp/AppEasyCoreSDK/source/Actors/UI/CzUIListBox.cpp
2Compiling [i686-linux-android-g++] /Users/deltutto/My_Collider/atlasapp/AppEasyCoreSDK/source/Actors/UI/CzUINavBar.cpp
2Compiling [i686-linux-android-g++] /Users/deltutto/My_Collider/atlasapp/AppEasyCoreSDK/source/Actors/UI/CzUIPanel.cpp
2Compiling [i686-linux-android-g++] /Users/deltutto/My_Collider/atlasapp/AppEasyCoreSDK/source/Actors/UI/CzUIPicker.cpp
2Compiling [i686-linux-android-g++] /Users/deltutto/My_Collider/atlasapp/AppEasyCoreSDK/source/Actors/UI/CzUISlider.cpp
2Compiling [i686-linux-android-g++] /Users/deltutto/My_Collider/atlasapp/AppEasyCoreSDK/source/Actors/UI/CzUIStackPanel.cpp
2Compiling [i686-linux-android-g++] /Users/deltutto/My_Collider/atlasapp/AppEasyCoreSDK/source/Actors/UI/CzUIStepper.cpp
2Compiling [i686-linux-android-g++] /Users/deltutto/My_Collider/atlasapp/AppEasyCoreSDK/source/Actors/UI/CzUITabBar.cpp
2Compiling [i686-linux-android-g++] /Users/deltutto/My_Collider/atlasapp/AppEasyCoreSDK/source/Actors/UI/CzUITextBox.cpp
2Compiling [i686-linux-android-g++] /Users/deltutto/My_Collider/atlasapp/AppEasyCoreSDK/source/Actors/UI/CzUITextView.cpp
2Compiling [i686-linux-android-g++] /Users/deltutto/My_Collider/atlasapp/AppEasyCoreSDK/source/Actors/UI/CzUIToolBar.cpp
2Compiling [i686-linux-android-g++] /Users/deltutto/My_Collider/atlasapp/AppEasyCoreSDK/source/Actors/UI/CzUIVideoOverlay.cpp
2Compiling [i686-linux-android-g++] /Users/deltutto/My_Collider/atlasapp/AppEasyCoreSDK/source/Actors/UI/CzUIWebView.cpp
2Compiling [i686-linux-android-g++] /Users/deltutto/My_Collider/atlasapp/AppEasyCoreSDK/source/Actors/UI/CzUIWrapPanel.cpp
2Compiling [i686-linux-android-g++] /Users/deltutto/My_Collider/atlasapp/AppEasyCoreSDK/source/Animation/CzAnim.cpp
2Compiling [i686-linux-android-g++] /Users/deltutto/My_Collider/atlasapp/AppEasyCoreSDK/source/Audio/CzAudio.cpp
2Compiling [i686-linux-android-g++] /Users/deltutto/My_Collider/atlasapp/AppEasyCoreSDK/source/Comms/CzHttp.cpp
2Compiling [i686-linux-android-g++] /Users/deltutto/My_Collider/atlasapp/AppEasyCoreSDK/source/Comms/CzRemoteReq.cpp
2Compiling [i686-linux-android-g++] /Users/deltutto/My_Collider/atlasapp/AppEasyCoreSDK/source/Core/CzApp.cpp
2Compiling [i686-linux-android-g++] /Users/deltutto/My_Collider/atlasapp/AppEasyCoreSDK/source/Core/CzDataIO.cpp
2Compiling [i686-linux-android-g++] /Users/deltutto/My_Collider/atlasapp/AppEasyCoreSDK/source/Core/CzDecrypt.cpp
2Compiling [i686-linux-android-g++] /Users/deltutto/My_Collider/atlasapp/AppEasyCoreSDK/source/Core/CzEvents.cpp
2Compiling [i686-linux-android-g++] /Users/deltutto/My_Collider/atlasapp/AppEasyCoreSDK/source/Core/CzFile.cpp
2Compiling [i686-linux-android-g++] /Users/deltutto/My_Collider/atlasapp/AppEasyCoreSDK/source/Core/CzHashes.cpp
2Compiling [i686-linux-android-g++] /Users/deltutto/My_Collider/atlasapp/AppEasyCoreSDK/source/Core/CzInput.cpp
2Compiling [i686-linux-android-g++] /Users/deltutto/My_Collider/atlasapp/AppEasyCoreSDK/source/Core/CzResources.cpp
2Compiling [i686-linux-android-g++] /Users/deltutto/My_Collider/atlasapp/AppEasyCoreSDK/source/Core/CzSettings.cpp
2Compiling [i686-linux-android-g++] /Users/deltutto/My_Collider/atlasapp/AppEasyCoreSDK/source/Core/CzString.cpp
2Compiling [i686-linux-android-g++] /Users/deltutto/My_Collider/atlasapp/AppEasyCoreSDK/source/Core/CzTime.cpp
5/Users/deltutto/My_Collider/atlasapp/AppEasyCoreSDK/source/Core/CzString.cpp: In member function 'int CzString::getAsVectorOfFloat(_STL::vector<float>*)':
5/Users/deltutto/My_Collider/atlasapp/AppEasyCoreSDK/source/Core/CzString.cpp:1943:20: warning: deprecated conversion from string constant to 'char*' [-Wwrite-strings]
5static char * e = "e";
5^
2Compiling [i686-linux-android-g++] /Users/deltutto/My_Collider/atlasapp/AppEasyCoreSDK/source/Core/CzUtil.cpp
2Compiling [i686-linux-android-g++] /Users/deltutto/My_Collider/atlasapp/AppEasyCoreSDK/source/Core/CzXml.cpp
2Compiling [i686-linux-android-g++] /Users/deltutto/My_Collider/atlasapp/AppEasyCoreSDK/source/Core/Debug/CzDebug.cpp
2Compiling [i686-linux-android-g++] /Users/deltutto/My_Collider/atlasapp/AppEasyCoreSDK/source/Display/Brushes/CzBrush.cpp
2Compiling [i686-linux-android-g++] /Users/deltutto/My_Collider/atlasapp/AppEasyCoreSDK/source/Display/CzCamera.cpp
2Compiling [i686-linux-android-g++] /Users/deltutto/My_Collider/atlasapp/AppEasyCoreSDK/source/Display/CzFont.cpp
2Compiling [i686-linux-android-g++] /Users/deltutto/My_Collider/atlasapp/AppEasyCoreSDK/source/Display/CzGeometry.cpp
2Compiling [i686-linux-android-g++] /Users/deltutto/My_Collider/atlasapp/AppEasyCoreSDK/source/Display/CzImage.cpp
2Compiling [i686-linux-android-g++] /Users/deltutto/My_Collider/atlasapp/AppEasyCoreSDK/source/Display/Render/CzBitmapSprite.cpp
2Compiling [i686-linux-android-g++] /Users/deltutto/My_Collider/atlasapp/AppEasyCoreSDK/source/Display/Render/CzBitmapSprite9.cpp
2Compiling [i686-linux-android-g++] /Users/deltutto/My_Collider/atlasapp/AppEasyCoreSDK/source/Display/Render/CzDummySprite.cpp
2Compiling [i686-linux-android-g++] /Users/deltutto/My_Collider/atlasapp/AppEasyCoreSDK/source/Display/Render/CzRender.cpp
2Compiling [i686-linux-android-g++] /Users/deltutto/My_Collider/atlasapp/AppEasyCoreSDK/source/Display/Render/CzSprite.cpp
2Compiling [i686-linux-android-g++] /Users/deltutto/My_Collider/atlasapp/AppEasyCoreSDK/source/Display/Render/CzSpriteManager.cpp
2Compiling [i686-linux-android-g++] /Users/deltutto/My_Collider/atlasapp/AppEasyCoreSDK/source/Display/Render/CzTextSprite.cpp
2Compiling [i686-linux-android-g++] /Users/deltutto/My_Collider/atlasapp/AppEasyCoreSDK/source/Extensions/Ads/CzAds.cpp
2Compiling [i686-linux-android-g++] /Users/deltutto/My_Collider/atlasapp/AppEasyCoreSDK/source/Extensions/Ads/CzAdsMediator.cpp
2Compiling [i686-linux-android-g++] /Users/deltutto/My_Collider/atlasapp/AppEasyCoreSDK/source/Extensions/Ads/CzAdsView.cpp
2Compiling [i686-linux-android-g++] /Users/deltutto/My_Collider/atlasapp/AppEasyCoreSDK/source/Extensions/Ads/CzAdsViewAnimator.cpp
2Compiling [i686-linux-android-g++] /Users/deltutto/My_Collider/atlasapp/AppEasyCoreSDK/source/Extensions/Camera/CzCam.cpp
2Compiling [i686-linux-android-g++] /Users/deltutto/My_Collider/atlasapp/AppEasyCoreSDK/source/Extensions/Market/CzMarket.cpp
2Compiling [i686-linux-android-g++] /Users/deltutto/My_Collider/atlasapp/AppEasyCoreSDK/source/Extensions/Video/CzVideo.cpp
2Compiling [i686-linux-android-g++] /Users/deltutto/My_Collider/atlasapp/AppEasyCoreSDK/source/Loaders/CzLoaderJPEG.cpp
2Compiling [i686-linux-android-g++] /Users/deltutto/My_Collider/atlasapp/AppEasyCoreSDK/source/Loaders/CzLoaderPNG.cpp
2Compiling [i686-linux-android-g++] /Users/deltutto/My_Collider/atlasapp/AppEasyCoreSDK/source/Loaders/CzLoaders.cpp
2Compiling [i686-linux-android-g++] /Users/deltutto/My_Collider/atlasapp/AppEasyCoreSDK/source/Maths/CzFrustrum.cpp
2Compiling [i686-linux-android-g++] /Users/deltutto/My_Collider/atlasapp/AppEasyCoreSDK/source/Maths/CzIVec2.cpp
2Compiling [i686-linux-android-g++] /Users/deltutto/My_Collider/atlasapp/AppEasyCoreSDK/source/Maths/CzMath.cpp
2Compiling [i686-linux-android-g++] /Users/deltutto/My_Collider/atlasapp/AppEasyCoreSDK/source/Maths/CzMatrix3.cpp
2Compiling [i686-linux-android-g++] /Users/deltutto/My_Collider/atlasapp/AppEasyCoreSDK/source/Maths/CzMatrix4.cpp
2Compiling [i686-linux-android-g++] /Users/deltutto/My_Collider/atlasapp/AppEasyCoreSDK/source/Maths/CzRect.cpp
2Compiling [i686-linux-android-g++] /Users/deltutto/My_Collider/atlasapp/AppEasyCoreSDK/source/Maths/CzSVec2.cpp
2Compiling [i686-linux-android-g++] /Users/deltutto/My_Collider/atlasapp/AppEasyCoreSDK/source/Maths/CzShapes.cpp
2Compiling [i686-linux-android-g++] /Users/deltutto/My_Collider/atlasapp/AppEasyCoreSDK/source/Maths/CzVec2.cpp
2Compiling [i686-linux-android-g++] /Users/deltutto/My_Collider/atlasapp/AppEasyCoreSDK/source/Maths/CzVec3.cpp
2Compiling [i686-linux-android-g++] /Users/deltutto/My_Collider/atlasapp/AppEasyCoreSDK/source/Maths/CzVec4.cpp
2Compiling [i686-linux-android-g++] /Users/deltutto/My_Collider/atlasapp/AppEasyCoreSDK/source/Modifiers/CzModifier.cpp
2Compiling [i686-linux-android-g++] /Users/deltutto/My_Collider/atlasapp/AppEasyCoreSDK/source/Modifiers/CzModifierExt.cpp
2Compiling [i686-linux-android-g++] /Users/deltutto/My_Collider/atlasapp/AppEasyCoreSDK/source/Physics/CzBox2d.cpp
2Compiling [i686-linux-android-g++] /Users/deltutto/My_Collider/atlasapp/AppEasyCoreSDK/source/Physics/CzBox2dFixture.cpp
2Compiling [i686-linux-android-g++] /Users/deltutto/My_Collider/atlasapp/AppEasyCoreSDK/source/Physics/CzBox2dJoint.cpp
2Compiling [i686-linux-android-g++] /Users/deltutto/My_Collider/atlasapp/AppEasyCoreSDK/source/Physics/CzBox2dMaterial.cpp
2Compiling [i686-linux-android-g++] /Users/deltutto/My_Collider/atlasapp/AppEasyCoreSDK/source/Platforms/CzPlatform.cpp
2Compiling [i686-linux-android-g++] /Users/deltutto/My_Collider/atlasapp/AppEasyCoreSDK/source/Platforms/Marm/CzPlatformAds.cpp
2Compiling [i686-linux-android-g++] /Users/deltutto/My_Collider/atlasapp/AppEasyCoreSDK/source/Platforms/Marm/CzPlatformAudio.cpp
2Compiling [i686-linux-android-g++] /Users/deltutto/My_Collider/atlasapp/AppEasyCoreSDK/source/Platforms/Marm/CzPlatformCam.cpp
2Compiling [i686-linux-android-g++] /Users/deltutto/My_Collider/atlasapp/AppEasyCoreSDK/source/Platforms/Marm/CzPlatformComms.cpp
2Compiling [i686-linux-android-g++] /Users/deltutto/My_Collider/atlasapp/AppEasyCoreSDK/source/Platforms/Marm/CzPlatformDisplay.cpp
2Compiling [i686-linux-android-g++] /Users/deltutto/My_Collider/atlasapp/AppEasyCoreSDK/source/Platforms/Marm/CzPlatformFacebook.cpp
2Compiling [i686-linux-android-g++] /Users/deltutto/My_Collider/atlasapp/AppEasyCoreSDK/source/Platforms/Marm/CzPlatformFile.cpp
2Compiling [i686-linux-android-g++] /Users/deltutto/My_Collider/atlasapp/AppEasyCoreSDK/source/Platforms/Marm/CzPlatformFont.cpp
2Compiling [i686-linux-android-g++] /Users/deltutto/My_Collider/atlasapp/AppEasyCoreSDK/source/Platforms/Marm/CzPlatformImaging.cpp
2Compiling [i686-linux-android-g++] /Users/deltutto/My_Collider/atlasapp/AppEasyCoreSDK/source/Platforms/Marm/CzPlatformInput.cpp
2Compiling [i686-linux-android-g++] /Users/deltutto/My_Collider/atlasapp/AppEasyCoreSDK/source/Platforms/Marm/CzPlatformMain.cpp
2Compiling [i686-linux-android-g++] /Users/deltutto/My_Collider/atlasapp/AppEasyCoreSDK/source/Platforms/Marm/CzPlatformMarket.cpp
2Compiling [i686-linux-android-g++] /Users/deltutto/My_Collider/atlasapp/AppEasyCoreSDK/source/Platforms/Marm/CzPlatformOther.cpp
2Compiling [i686-linux-android-g++] /Users/deltutto/My_Collider/atlasapp/AppEasyCoreSDK/source/Platforms/Marm/CzPlatformRender.cpp
2Compiling [i686-linux-android-g++] /Users/deltutto/My_Collider/atlasapp/AppEasyCoreSDK/source/Platforms/Marm/CzPlatformSys.cpp
2Compiling [i686-linux-android-g++] /Users/deltutto/My_Collider/atlasapp/AppEasyCoreSDK/source/Platforms/Marm/CzPlatformUI.cpp
2Compiling [i686-linux-android-g++] /Users/deltutto/My_Collider/atlasapp/AppEasyCoreSDK/source/Platforms/Marm/CzPlatformVideo.cpp
2Compiling [i686-linux-android-g++] /Users/deltutto/My_Collider/atlasapp/AppEasyCoreSDK/source/Programs/CzCommandsBase.cpp
2Compiling [i686-linux-android-g++] /Users/deltutto/My_Collider/atlasapp/AppEasyCoreSDK/source/Programs/CzProgram.cpp
2Compiling [i686-linux-android-g++] /Users/deltutto/My_Collider/atlasapp/AppEasyCoreSDK/source/Scenes/CzScene.cpp
2Compiling [i686-linux-android-g++] /Users/deltutto/My_Collider/atlasapp/AppEasyCoreSDK/source/Script/CzScript.cpp
2Compiling [i686-linux-android-g++] /Users/deltutto/My_Collider/atlasapp/AppEasyCoreSDK/source/Script/lua/CzLuaAction.cpp
2Compiling [i686-linux-android-g++] /Users/deltutto/My_Collider/atlasapp/AppEasyCoreSDK/source/Script/lua/CzLuaActor.cpp
2Compiling [i686-linux-android-g++] /Users/deltutto/My_Collider/atlasapp/AppEasyCoreSDK/source/Script/lua/CzLuaAds.cpp
2Compiling [i686-linux-android-g++] /Users/deltutto/My_Collider/atlasapp/AppEasyCoreSDK/source/Script/lua/CzLuaBrush.cpp
2Compiling [i686-linux-android-g++] /Users/deltutto/My_Collider/atlasapp/AppEasyCoreSDK/source/Script/lua/CzLuaCamera.cpp
2Compiling [i686-linux-android-g++] /Users/deltutto/My_Collider/atlasapp/AppEasyCoreSDK/source/Script/lua/CzLuaDisplay.cpp
2Compiling [i686-linux-android-g++] /Users/deltutto/My_Collider/atlasapp/AppEasyCoreSDK/source/Script/lua/CzLuaFacebook.cpp
2Compiling [i686-linux-android-g++] /Users/deltutto/My_Collider/atlasapp/AppEasyCoreSDK/source/Script/lua/CzLuaFont.cpp
2Compiling [i686-linux-android-g++] /Users/deltutto/My_Collider/atlasapp/AppEasyCoreSDK/source/Script/lua/CzLuaGen.cpp
2Compiling [i686-linux-android-g++] /Users/deltutto/My_Collider/atlasapp/AppEasyCoreSDK/source/Script/lua/CzLuaHttp.cpp
2Compiling [i686-linux-android-g++] /Users/deltutto/My_Collider/atlasapp/AppEasyCoreSDK/source/Script/lua/CzLuaImage.cpp
2Compiling [i686-linux-android-g++] /Users/deltutto/My_Collider/atlasapp/AppEasyCoreSDK/source/Script/lua/CzLuaInput.cpp
2Compiling [i686-linux-android-g++] /Users/deltutto/My_Collider/atlasapp/AppEasyCoreSDK/source/Script/lua/CzLuaMarket.cpp
2Compiling [i686-linux-android-g++] /Users/deltutto/My_Collider/atlasapp/AppEasyCoreSDK/source/Script/lua/CzLuaMatrix.cpp
2Compiling [i686-linux-android-g++] /Users/deltutto/My_Collider/atlasapp/AppEasyCoreSDK/source/Script/lua/CzLuaMedia.cpp
2Compiling [i686-linux-android-g++] /Users/deltutto/My_Collider/atlasapp/AppEasyCoreSDK/source/Script/lua/CzLuaParticles.cpp
2Compiling [i686-linux-android-g++] /Users/deltutto/My_Collider/atlasapp/AppEasyCoreSDK/source/Script/lua/CzLuaPhysics.cpp
2Compiling [i686-linux-android-g++] /Users/deltutto/My_Collider/atlasapp/AppEasyCoreSDK/source/Script/lua/CzLuaProgram.cpp
2Compiling [i686-linux-android-g++] /Users/deltutto/My_Collider/atlasapp/AppEasyCoreSDK/source/Script/lua/CzLuaResource.cpp
2Compiling [i686-linux-android-g++] /Users/deltutto/My_Collider/atlasapp/AppEasyCoreSDK/source/Script/lua/CzLuaScene.cpp
2Compiling [i686-linux-android-g++] /Users/deltutto/My_Collider/atlasapp/AppEasyCoreSDK/source/Script/lua/CzLuaShape.cpp
2Compiling [i686-linux-android-g++] /Users/deltutto/My_Collider/atlasapp/AppEasyCoreSDK/source/Script/lua/CzLuaSys.cpp
2Compiling [i686-linux-android-g++] /Users/deltutto/My_Collider/atlasapp/AppEasyCoreSDK/source/Script/lua/CzLuaTemplate.cpp
2Compiling [i686-linux-android-g++] /Users/deltutto/My_Collider/atlasapp/AppEasyCoreSDK/source/Script/lua/CzLuaTimeline.cpp
2Compiling [i686-linux-android-g++] /Users/deltutto/My_Collider/atlasapp/AppEasyCoreSDK/source/Script/lua/CzLuaTimer.cpp
2Compiling [i686-linux-android-g++] /Users/deltutto/My_Collider/atlasapp/AppEasyCoreSDK/source/Script/lua/CzLuaUserProps.cpp
2Compiling [i686-linux-android-g++] /Users/deltutto/My_Collider/atlasapp/AppEasyCoreSDK/source/Script/lua/CzLuaVariable.cpp
2Compiling [i686-linux-android-g++] /Users/deltutto/My_Collider/atlasapp/AppEasyCoreSDK/source/Script/lua/CzLuaXml.cpp
2Compiling [i686-linux-android-g++] /Users/deltutto/My_Collider/atlasapp/AppEasyCoreSDK/source/Script/lua/CzScriptLua.cpp
2Compiling [i686-linux-android-g++] /Users/deltutto/My_Collider/atlasapp/AppEasyCoreSDK/source/XOML/CzActions.cpp
2Compiling [i686-linux-android-g++] /Users/deltutto/My_Collider/atlasapp/AppEasyCoreSDK/source/XOML/CzStyles.cpp
2Compiling [i686-linux-android-g++] /Users/deltutto/My_Collider/atlasapp/AppEasyCoreSDK/source/XOML/CzTemplates.cpp
2Compiling [i686-linux-android-g++] /Users/deltutto/My_Collider/atlasapp/AppEasyCoreSDK/source/XOML/CzTimer.cpp
2Compiling [i686-linux-android-g++] /Users/deltutto/My_Collider/atlasapp/AppEasyCoreSDK/source/XOML/CzUserProperty.cpp
2Compiling [i686-linux-android-g++] /Users/deltutto/My_Collider/atlasapp/AppEasyCoreSDK/source/XOML/CzXoml.cpp
2Compiling [i686-linux-android-g++] /Users/deltutto/My_Collider/atlasapp/AppEasyCoreSDK/source/XOML/CzXomlActions.cpp
2Compiling [i686-linux-android-g++] /Users/deltutto/My_Collider/atlasapp/AppEasyCoreSDK/source/XOML/CzXomlBindings.cpp
2Compiling [i686-linux-android-g++] /Users/deltutto/My_Collider/atlasapp/AppEasyCoreSDK/source/XOML/CzXomlLoad.cpp
2Compiling [i686-linux-android-g++] /Users/deltutto/My_Collider/atlasapp/AppEasyCoreSDK/source/XOML/CzXomlResource.cpp
2Compiling [i686-linux-android-g++] /Users/deltutto/My_Collider/atlasapp/AppEasyCoreSDK/source/XOML/CzXomlResourceManager.cpp
2Compiling [i686-linux-android-g++] /Users/deltutto/My_Collider/atlasapp/AppEasyCoreSDK/source/XOML/CzXomlVariables.cpp
2Compiling [i686-linux-android-g++] /Applications/Marmalade.app/Contents/modules/derbh/source/DerbhAutoInit.cpp
2Compiling [i686-linux-android-g++] /Applications/Marmalade.app/Contents/modules/iwbilling/source/IwBilling.cpp
5/Users/deltutto/My_Collider/atlasapp/AppEasyCoreSDK/source/XOML/CzXoml.cpp: In member function 'bool CzXomlProperty::setValue(const CzString&, bool)':
5/Users/deltutto/My_Collider/atlasapp/AppEasyCoreSDK/source/XOML/CzXoml.cpp:264:15: warning: deleting 'void*' is undefined
5delete [] p_data;
5^
5/Users/deltutto/My_Collider/atlasapp/AppEasyCoreSDK/source/XOML/CzXoml.cpp: In member function 'bool CzXomlProperty::setValue(const CzXomlProperty&, bool)':
5/Users/deltutto/My_Collider/atlasapp/AppEasyCoreSDK/source/XOML/CzXoml.cpp:422:16: warning: deleting 'void*' is undefined
5delete [] p_data;
5^
2Compiling [i686-linux-android-g++] /Applications/Marmalade.app/Contents/modules/iwbilling/source/IwBilling_Amazon.cpp
2Compiling [i686-linux-android-g++] /Applications/Marmalade.app/Contents/modules/iwbilling/source/IwBilling_GooglePlay.cpp
2Compiling [i686-linux-android-g++] /Applications/Marmalade.app/Contents/modules/iwbilling/source/IwBilling_Samsung.cpp
2Compiling [i686-linux-android-g++] /Applications/Marmalade.app/Contents/modules/iwbilling/source/IwBilling_Windows.cpp
2Compiling [i686-linux-android-g++] /Applications/Marmalade.app/Contents/modules/iwbilling/source/IwBilling_iOS.cpp
2Linking   [i686-linux-android-g++] release/GameSceneGL.so
2os.chdir('/Applications/Marmalade.app/Contents/s3e/tools')
2/System/Library/Frameworks/Python.framework/Versions/2.7/Resources/Python.app/Contents/MacOS/Python ./process_map.py "/Users/deltutto/My_Collider/atlasapp/build_gamescenegl_scons_x86_android/release/GameSceneGL.so"
2os.chdir('/Users/deltutto/My_Collider/atlasapp/build_gamescenegl_scons_x86_android')
2/Applications/Marmalade.app/Contents/s3e/bin/s3e_plink --license "/Users/deltutto/My_Collider/atlasapp/build_gamescenegl_scons_x86_android/release/GameSceneGL.so" --arch=x86 --config=android --config="release" --buildenv=SCONS --toolset=androidnative
2Done, with 1 warnings.
7Script Succeeded
2Finished Running: Building
2
7Successfully built: GCC X86 ANDROID at 21/11/2016 10:31PM
2
